--------------------------------------------------------------------------------
Release 14.5 Trace  (nt64)
Copyright (c) 1995-2012 Xilinx, Inc.  All rights reserved.

C:\Xilinx\14.5\ISE_DS\ISE\bin\nt64\unwrapped\trce.exe -intstyle ise -v 3 -s 3
-n 3 -fastpaths -xml fourAdd.twx fourAdd.ncd -o fourAdd.twr fourAdd.pcf -ucf
fourAddV.ucf

Design file:              fourAdd.ncd
Physical constraint file: fourAdd.pcf
Device,package,speed:     xc6slx16,csg324,C,-3 (PRODUCTION 1.23 2013-03-26)
Report level:             verbose report

Environment Variable      Effect 
--------------------      ------ 
NONE                      No environment variables were set
--------------------------------------------------------------------------------

INFO:Timing:2698 - No timing constraints found, doing default enumeration.
INFO:Timing:3412 - To improve timing, see the Timing Closure User Guide (UG612).
INFO:Timing:2752 - To get complete path coverage, use the unconstrained paths 
   option. All paths that are not constrained will be reported in the 
   unconstrained paths section(s) of the report.
INFO:Timing:3339 - The clock-to-out numbers in this timing report are based on 
   a 50 Ohm transmission line loading model.  For the details of this model, 
   and for more information on accounting for different loading conditions, 
   please see the device datasheet.



Data Sheet report:
-----------------
All values displayed in nanoseconds (ns)

Pad to Pad
---------------+---------------+---------+
Source Pad     |Destination Pad|  Delay  |
---------------+---------------+---------+
A<0>           |OverFlow       |    7.712|
A<0>           |Sum<0>         |    7.820|
A<0>           |Sum<1>         |    7.867|
A<0>           |Sum<2>         |    7.847|
A<0>           |Sum<3>         |    7.977|
A<1>           |OverFlow       |    7.360|
A<1>           |Sum<1>         |    7.513|
A<1>           |Sum<2>         |    7.629|
A<1>           |Sum<3>         |    7.625|
A<2>           |OverFlow       |    7.528|
A<2>           |Sum<2>         |    7.605|
A<2>           |Sum<3>         |    7.793|
A<3>           |OverFlow       |    7.502|
A<3>           |Sum<3>         |    7.767|
B<0>           |OverFlow       |    7.803|
B<0>           |Sum<0>         |    7.289|
B<0>           |Sum<1>         |    7.336|
B<0>           |Sum<2>         |    7.623|
B<0>           |Sum<3>         |    8.068|
B<1>           |OverFlow       |    7.778|
B<1>           |Sum<1>         |    7.758|
B<1>           |Sum<2>         |    7.230|
B<1>           |Sum<3>         |    8.043|
B<2>           |OverFlow       |    7.797|
B<2>           |Sum<2>         |    7.272|
B<2>           |Sum<3>         |    8.062|
B<3>           |OverFlow       |    7.153|
B<3>           |Sum<3>         |    7.418|
---------------+---------------+---------+


Analysis completed Thu Nov 14 10:22:08 2013 
--------------------------------------------------------------------------------

Trace Settings:
-------------------------
Trace Settings 

Peak Memory Usage: 218 MB



