--------------------------------------------------------------------------------
Release 14.5 Trace  (nt64)
Copyright (c) 1995-2012 Xilinx, Inc.  All rights reserved.

C:\Xilinx\14.5\ISE_DS\ISE\bin\nt64\unwrapped\trce.exe -intstyle ise -v 3 -s 3
-n 3 -fastpaths -xml fourBitAdder.twx fourBitAdder.ncd -o fourBitAdder.twr
fourBitAdder.pcf -ucf fourBitAdder_sch.ucf

Design file:              fourBitAdder.ncd
Physical constraint file: fourBitAdder.pcf
Device,package,speed:     xc6slx16,csg324,C,-3 (PRODUCTION 1.23 2013-03-26)
Report level:             verbose report

Environment Variable      Effect 
--------------------      ------ 
NONE                      No environment variables were set
--------------------------------------------------------------------------------

INFO:Timing:2698 - No timing constraints found, doing default enumeration.
INFO:Timing:3412 - To improve timing, see the Timing Closure User Guide (UG612).
INFO:Timing:2752 - To get complete path coverage, use the unconstrained paths 
   option. All paths that are not constrained will be reported in the 
   unconstrained paths section(s) of the report.
INFO:Timing:3339 - The clock-to-out numbers in this timing report are based on 
   a 50 Ohm transmission line loading model.  For the details of this model, 
   and for more information on accounting for different loading conditions, 
   please see the device datasheet.



Data Sheet report:
-----------------
All values displayed in nanoseconds (ns)

Pad to Pad
---------------+---------------+---------+
Source Pad     |Destination Pad|  Delay  |
---------------+---------------+---------+
A0             |OverFlow       |    9.108|
A0             |S0             |    7.180|
A0             |S1             |    7.964|
A0             |S2             |    8.988|
A0             |S3             |    8.841|
A1             |OverFlow       |    9.057|
A1             |S1             |    7.321|
A1             |S2             |    8.937|
A1             |S3             |    8.790|
A2             |OverFlow       |    7.546|
A2             |S2             |    7.355|
A2             |S3             |    7.279|
A3             |OverFlow       |    7.782|
A3             |S3             |    7.515|
B0             |OverFlow       |    8.732|
B0             |S0             |    7.201|
B0             |S1             |    7.588|
B0             |S2             |    8.612|
B0             |S3             |    8.465|
B1             |OverFlow       |    8.829|
B1             |S1             |    7.389|
B1             |S2             |    8.709|
B1             |S3             |    8.562|
B2             |OverFlow       |    7.459|
B2             |S2             |    7.196|
B2             |S3             |    7.192|
B3             |OverFlow       |    7.820|
B3             |S3             |    7.553|
---------------+---------------+---------+


Analysis completed Thu Nov 14 09:37:32 2013 
--------------------------------------------------------------------------------

Trace Settings:
-------------------------
Trace Settings 

Peak Memory Usage: 219 MB



