Release 14.5 - xst P.58f (nt64)
Copyright (c) 1995-2012 Xilinx, Inc.  All rights reserved.
--> Parameter TMPDIR set to xst/projnav.tmp


Total REAL time to Xst completion: 0.00 secs
Total CPU time to Xst completion: 0.14 secs
 
--> Parameter xsthdpdir set to xst


Total REAL time to Xst completion: 0.00 secs
Total CPU time to Xst completion: 0.14 secs
 
--> Reading design: ALU4bit.prj

TABLE OF CONTENTS
  1) Synthesis Options Summary
  2) HDL Parsing
  3) HDL Elaboration
  4) HDL Synthesis
       4.1) HDL Synthesis Report
  5) Advanced HDL Synthesis
       5.1) Advanced HDL Synthesis Report
  6) Low Level Synthesis
  7) Partition Report
  8) Design Summary
       8.1) Primitive and Black Box Usage
       8.2) Device utilization summary
       8.3) Partition Resource Summary
       8.4) Timing Report
            8.4.1) Clock Information
            8.4.2) Asynchronous Control Signals Information
            8.4.3) Timing Summary
            8.4.4) Timing Details
            8.4.5) Cross Clock Domains Report


=========================================================================
*                      Synthesis Options Summary                        *
=========================================================================
---- Source Parameters
Input File Name                    : "ALU4bit.prj"
Ignore Synthesis Constraint File   : NO

---- Target Parameters
Output File Name                   : "ALU4bit"
Output Format                      : NGC
Target Device                      : xc6slx16-3-csg324

---- Source Options
Top Module Name                    : ALU4bit
Automatic FSM Extraction           : YES
FSM Encoding Algorithm             : Auto
Safe Implementation                : No
FSM Style                          : LUT
RAM Extraction                     : Yes
RAM Style                          : Auto
ROM Extraction                     : Yes
Shift Register Extraction          : YES
ROM Style                          : Auto
Resource Sharing                   : YES
Asynchronous To Synchronous        : NO
Shift Register Minimum Size        : 2
Use DSP Block                      : Auto
Automatic Register Balancing       : No

---- Target Options
LUT Combining                      : Auto
Reduce Control Sets                : Auto
Add IO Buffers                     : YES
Global Maximum Fanout              : 100000
Add Generic Clock Buffer(BUFG)     : 16
Register Duplication               : YES
Optimize Instantiated Primitives   : NO
Use Clock Enable                   : Auto
Use Synchronous Set                : Auto
Use Synchronous Reset              : Auto
Pack IO Registers into IOBs        : Auto
Equivalent register Removal        : YES

---- General Options
Optimization Goal                  : Speed
Optimization Effort                : 1
Power Reduction                    : NO
Keep Hierarchy                     : No
Netlist Hierarchy                  : As_Optimized
RTL Output                         : Yes
Global Optimization                : AllClockNets
Read Cores                         : YES
Write Timing Constraints           : NO
Cross Clock Analysis               : NO
Hierarchy Separator                : /
Bus Delimiter                      : <>
Case Specifier                     : Maintain
Slice Utilization Ratio            : 100
BRAM Utilization Ratio             : 100
DSP48 Utilization Ratio            : 100
Auto BRAM Packing                  : NO
Slice Utilization Ratio Delta      : 5

=========================================================================


=========================================================================
*                          HDL Parsing                                  *
=========================================================================
Analyzing Verilog file "E:\ECE 2029Lab2\lab2_hdl_2sComp\fullAdd.v" into library work
Parsing module <fullAdd>.
Analyzing Verilog file "E:\ECE 2029Lab2\lab2_hdl_2sComp\fourAdd.v" into library work
Parsing module <fourAdd>.
Analyzing Verilog file "E:\ECE2029Lab3\or4bits.v" into library work
Parsing module <or4bits>.
Analyzing Verilog file "E:\ECE2029Lab3\Hex2Seg.v" into library work
Parsing module <Hex2Seg>.
Analyzing Verilog file "E:\ECE2029Lab3\comp2.v" into library work
Parsing module <comp2>.
Analyzing Verilog file "E:\ECE2029Lab3\and4bits.v" into library work
Parsing module <and4bits>.
Analyzing Verilog file "E:\ECE2029Lab3\ALU4bit.v" into library work
Parsing module <ALU4bit>.

=========================================================================
*                            HDL Elaboration                            *
=========================================================================

Elaborating module <ALU4bit>.

Elaborating module <comp2>.

Elaborating module <fourAdd>.

Elaborating module <fullAdd>.
WARNING:HDLCompiler:1127 - "E:\ECE2029Lab3\comp2.v" Line 26: Assignment to Overflow ignored, since the identifier is never used

Elaborating module <and4bits>.

Elaborating module <or4bits>.

Elaborating module <Hex2Seg>.

=========================================================================
*                           HDL Synthesis                               *
=========================================================================

Synthesizing Unit <ALU4bit>.
    Related source file is "E:\ECE2029Lab3\ALU4bit.v".
    Found 4-bit 4-to-1 multiplexer for signal <Result> created at line 25.
    Summary:
	inferred   4 Multiplexer(s).
Unit <ALU4bit> synthesized.

Synthesizing Unit <comp2>.
    Related source file is "E:\ECE2029Lab3\comp2.v".
INFO:Xst:3210 - "E:\ECE2029Lab3\comp2.v" line 26: Output port <OverFlow> of the instance <U1> is unconnected or connected to loadless signal.
    Summary:
	no macro.
Unit <comp2> synthesized.

Synthesizing Unit <fourAdd>.
    Related source file is "E:\ECE 2029Lab2\lab2_hdl_2sComp\fourAdd.v".
INFO:Xst:3210 - "E:\ECE 2029Lab2\lab2_hdl_2sComp\fourAdd.v" line 32: Output port <Cout> of the instance <U4> is unconnected or connected to loadless signal.
    Summary:
	no macro.
Unit <fourAdd> synthesized.

Synthesizing Unit <fullAdd>.
    Related source file is "E:\ECE 2029Lab2\lab2_hdl_2sComp\fullAdd.v".
    Summary:
Unit <fullAdd> synthesized.

Synthesizing Unit <and4bits>.
    Related source file is "E:\ECE2029Lab3\and4bits.v".
    Summary:
	no macro.
Unit <and4bits> synthesized.

Synthesizing Unit <or4bits>.
    Related source file is "E:\ECE2029Lab3\or4bits.v".
    Summary:
	no macro.
Unit <or4bits> synthesized.

Synthesizing Unit <Hex2Seg>.
    Related source file is "E:\ECE2029Lab3\Hex2Seg.v".
    Found 16x7-bit Read Only RAM for signal <segs>
    Summary:
	inferred   1 RAM(s).
Unit <Hex2Seg> synthesized.

=========================================================================
HDL Synthesis Report

Macro Statistics
# RAMs                                                 : 1
 16x7-bit single-port Read Only RAM                    : 1
# Multiplexers                                         : 4
 1-bit 2-to-1 multiplexer                              : 1
 4-bit 2-to-1 multiplexer                              : 2
 4-bit 4-to-1 multiplexer                              : 1
# Xors                                                 : 24
 1-bit xor2                                            : 24

=========================================================================

=========================================================================
*                       Advanced HDL Synthesis                          *
=========================================================================


Synthesizing (advanced) Unit <Hex2Seg>.
INFO:Xst:3218 - HDL ADVISOR - The RAM <Mram_segs> will be implemented on LUTs either because you have described an asynchronous read or because of currently unsupported block RAM features. If you have described an asynchronous read, making it synchronous would allow you to take advantage of available block RAM resources, for optimized device usage and improved timings. Please refer to your documentation for coding guidelines.
    -----------------------------------------------------------------------
    | ram_type           | Distributed                         |          |
    -----------------------------------------------------------------------
    | Port A                                                              |
    |     aspect ratio   | 16-word x 7-bit                     |          |
    |     weA            | connected to signal <GND>           | high     |
    |     addrA          | connected to signal <D>             |          |
    |     diA            | connected to signal <GND>           |          |
    |     doA            | connected to signal <segs>          |          |
    -----------------------------------------------------------------------
Unit <Hex2Seg> synthesized (advanced).

=========================================================================
Advanced HDL Synthesis Report

Macro Statistics
# RAMs                                                 : 1
 16x7-bit single-port distributed Read Only RAM        : 1
# Multiplexers                                         : 4
 1-bit 2-to-1 multiplexer                              : 1
 4-bit 2-to-1 multiplexer                              : 2
 4-bit 4-to-1 multiplexer                              : 1
# Xors                                                 : 24
 1-bit xor2                                            : 24

=========================================================================

=========================================================================
*                         Low Level Synthesis                           *
=========================================================================

Optimizing unit <ALU4bit> ...

Mapping all equations...
Building and optimizing final netlist ...
Found area constraint ratio of 100 (+ 5) on block ALU4bit, actual ratio is 0.

Final Macro Processing ...

=========================================================================
Final Register Report

Found no macro
=========================================================================

=========================================================================
*                           Partition Report                            *
=========================================================================

Partition Implementation Status
-------------------------------

  No Partitions were found in this design.

-------------------------------

=========================================================================
*                            Design Summary                             *
=========================================================================

Top Level Output File Name         : ALU4bit.ngc

Primitive and Black Box Usage:
------------------------------
# BELS                             : 26
#      GND                         : 1
#      LUT3                        : 3
#      LUT4                        : 9
#      LUT5                        : 2
#      LUT6                        : 8
#      MUXF7                       : 2
#      VCC                         : 1
# IO Buffers                       : 27
#      IBUF                        : 10
#      OBUF                        : 17

Device utilization summary:
---------------------------

Selected Device : 6slx16csg324-3 


Slice Logic Utilization: 
 Number of Slice LUTs:                   22  out of   9112     0%  
    Number used as Logic:                22  out of   9112     0%  

Slice Logic Distribution: 
 Number of LUT Flip Flop pairs used:     22
   Number with an unused Flip Flop:      22  out of     22   100%  
   Number with an unused LUT:             0  out of     22     0%  
   Number of fully used LUT-FF pairs:     0  out of     22     0%  
   Number of unique control sets:         0

IO Utilization: 
 Number of IOs:                          27
 Number of bonded IOBs:                  27  out of    232    11%  

Specific Feature Utilization:

---------------------------
Partition Resource Summary:
---------------------------

  No Partitions were found in this design.

---------------------------


=========================================================================
Timing Report

NOTE: THESE TIMING NUMBERS ARE ONLY A SYNTHESIS ESTIMATE.
      FOR ACCURATE TIMING INFORMATION PLEASE REFER TO THE TRACE REPORT
      GENERATED AFTER PLACE-and-ROUTE.

Clock Information:
------------------
No clock signals found in this design

Asynchronous Control Signals Information:
----------------------------------------
No asynchronous control signals found in this design

Timing Summary:
---------------
Speed Grade: -3

   Minimum period: No path found
   Minimum input arrival time before clock: No path found
   Maximum output required time after clock: No path found
   Maximum combinational path delay: 10.113ns

Timing Details:
---------------
All values displayed in nanoseconds (ns)

=========================================================================
Timing constraint: Default path analysis
  Total number of paths / destination ports: 1069 / 13
-------------------------------------------------------------------------
Delay:               10.113ns (Levels of Logic = 7)
  Source:            op<0> (PAD)
  Destination:       segs7<5> (PAD)

  Data Path: op<0> to segs7<5>
                                Gate     Net
    Cell:in->out      fanout   Delay   Delay  Logical Name (Net Name)
    ----------------------------------------  ------------
     IBUF:I->O            13   1.222   1.161  op_0_IBUF (op_0_IBUF)
     LUT5:I2->O            2   0.205   0.961  Mmux_Barg31 (Barg<2>)
     LUT6:I1->O            3   0.203   0.651  U2/U3/Cout1 (U2/co<2>)
     LUT5:I4->O            3   0.205   0.898  negSign1 (negSign_OBUF)
     LUT6:I2->O            8   0.203   1.050  Mmux_Result3 (Result_2_OBUF)
     LUT4:I0->O            1   0.203   0.579  U6/Mram_segs51 (segs7_5_OBUF)
     OBUF:I->O                 2.571          segs7_5_OBUF (segs7<5>)
    ----------------------------------------
    Total                     10.113ns (4.812ns logic, 5.301ns route)
                                       (47.6% logic, 52.4% route)

=========================================================================

Cross Clock Domains Report:
--------------------------

=========================================================================


Total REAL time to Xst completion: 8.00 secs
Total CPU time to Xst completion: 8.17 secs
 
--> 

Total memory usage is 255512 kilobytes

Number of errors   :    0 (   0 filtered)
Number of warnings :    1 (   0 filtered)
Number of infos    :    3 (   0 filtered)

