12:17:35: GraphicsManager started successfully
12:17:35: Resource manager starting up!
12:17:35: Resource manager shutting down!
12:17:37: GraphicsManager started successfully
12:17:37: InputManager can't start without GraphicsManager already started!
12:17:38: GraphicsManager started successfully
12:17:38: testing 1 2 3... 1 2 3...
12:17:38: LogManager Testing new reference
12:17:38: LogManager Testing restart
12:17:38: Resource manager starting up!
12:17:38: Reading in unit_tests/sprites/bullet-spr.txt sprite file.
12:17:38: Reading in unit_tests/sprites/gameover-spr.txt sprite file.
12:17:38: Tried to load a sprite with the same label (gameover) as an already loaded sprite!
12:17:38: Deleting sprite bullet
12:17:38: Loading sound unit_tests/sounds/fire.wav
12:17:38: Loading sound unit_tests/sounds/game-over.wav
12:17:38: Tried to load a sound with the same label (gameover) as an already loaded sound!
12:17:38: Loading music file unit_tests/sounds/fire.wav
12:17:38: Loading music file unit_tests/sounds/game-over.wav
12:17:38: Tried to load a music file with the same label (gameover) as an already loaded music!
12:17:38: Resource manager shutting down!
12:19:22: GraphicsManager started successfully
12:19:22: Resource manager starting up!
12:19:22: Resource manager shutting down!
12:19:23: GraphicsManager started successfully
12:19:24: InputManager can't start without GraphicsManager already started!
12:19:25: GraphicsManager started successfully
12:19:25: testing 1 2 3... 1 2 3...
12:19:25: LogManager Testing new reference
12:19:25: LogManager Testing restart
12:19:25: Resource manager starting up!
12:19:25: Reading in unit_tests/sprites/bullet-spr.txt sprite file.
12:19:25: Reading in unit_tests/sprites/gameover-spr.txt sprite file.
12:19:25: Tried to load a sprite with the same label (gameover) as an already loaded sprite!
12:19:25: Deleting sprite bullet
12:19:25: Loading sound unit_tests/sounds/fire.wav
12:19:25: Loading sound unit_tests/sounds/game-over.wav
12:19:25: Tried to load a sound with the same label (gameover) as an already loaded sound!
12:19:25: Loading music file unit_tests/sounds/fire.wav
12:19:25: Loading music file unit_tests/sounds/game-over.wav
12:19:25: Tried to load a music file with the same label (gameover) as an already loaded music!
12:19:25: Resource manager shutting down!
12:21:15: GraphicsManager started successfully
12:21:15: Resource manager starting up!
12:21:15: Resource manager shutting down!
12:21:17: GraphicsManager started successfully
12:21:17: InputManager can't start without GraphicsManager already started!
12:21:18: GraphicsManager started successfully
12:21:18: testing 1 2 3... 1 2 3...
12:21:18: LogManager Testing new reference
12:21:18: LogManager Testing restart
12:21:18: Resource manager starting up!
12:21:18: Reading in unit_tests/sprites/bullet-spr.txt sprite file.
12:21:18: Reading in unit_tests/sprites/gameover-spr.txt sprite file.
12:21:18: Tried to load a sprite with the same label (gameover) as an already loaded sprite!
12:21:18: Deleting sprite bullet
12:21:18: Loading sound unit_tests/sounds/fire.wav
12:21:18: Loading sound unit_tests/sounds/game-over.wav
12:21:18: Tried to load a sound with the same label (gameover) as an already loaded sound!
12:21:18: Loading music file unit_tests/sounds/fire.wav
12:21:18: Loading music file unit_tests/sounds/game-over.wav
12:21:18: Tried to load a music file with the same label (gameover) as an already loaded music!
12:21:18: Resource manager shutting down!
12:22:18: GraphicsManager started successfully
12:22:18: Resource manager starting up!
12:22:18: ObjectTest 1 recieved step event (step 0)!
12:22:18: ObjectTest 2 recieved step event (step 0)!
12:22:18: ObjectTest 1 recieved step event (step 1)!
12:22:18: ObjectTest 2 recieved step event (step 1)!
12:22:18: ObjectTest 1 recieved step event (step 2)!
12:22:18: ObjectTest 2 recieved step event (step 2)!
12:22:18: ObjectTest 1 recieved step event (step 3)!
12:22:18: ObjectTest 2 recieved step event (step 3)!
12:22:18: ObjectTest 1 recieved step event (step 4)!
12:22:18: ObjectTest 2 recieved step event (step 4)!
12:22:18: ObjectTest 1 recieved step event (step 5)!
12:22:18: ObjectTest 2 recieved step event (step 5)!
12:22:18: ObjectTest 1 recieved step event (step 6)!
12:22:18: ObjectTest 2 recieved step event (step 6)!
12:22:18: ObjectTest 1 recieved step event (step 7)!
12:22:18: ObjectTest 2 recieved step event (step 7)!
12:22:18: ObjectTest 1 recieved step event (step 8)!
12:22:18: ObjectTest 2 recieved step event (step 8)!
12:22:18: ObjectTest 1 recieved step event (step 9)!
12:22:18: ObjectTest 2 recieved step event (step 9)!
12:22:18: ObjectTest 1 recieved step event (step 10)!
12:22:18: ObjectTest 2 recieved step event (step 10)!
12:22:18: ObjectTest 1 recieved step event (step 11)!
12:22:18: ObjectTest 2 recieved step event (step 11)!
12:22:19: ObjectTest 1 recieved step event (step 12)!
12:22:19: ObjectTest 2 recieved step event (step 12)!
12:22:19: ObjectTest 1 recieved step event (step 13)!
12:22:19: ObjectTest 2 recieved step event (step 13)!
12:22:19: ObjectTest 1 recieved step event (step 14)!
12:22:19: ObjectTest 2 recieved step event (step 14)!
12:22:19: ObjectTest 1 recieved step event (step 15)!
12:22:19: ObjectTest 2 recieved step event (step 15)!
12:22:19: ObjectTest 1 recieved step event (step 16)!
12:22:19: ObjectTest 2 recieved step event (step 16)!
12:22:19: ObjectTest 1 recieved step event (step 17)!
12:22:19: ObjectTest 2 recieved step event (step 17)!
12:22:19: ObjectTest 1 recieved step event (step 18)!
12:22:19: ObjectTest 2 recieved step event (step 18)!
12:22:19: ObjectTest 1 recieved step event (step 19)!
12:22:19: ObjectTest 2 recieved step event (step 19)!
12:22:19: ObjectTest 1 recieved step event (step 20)!
12:22:19: ObjectTest 2 recieved step event (step 20)!
12:22:19: ObjectTest 1 recieved step event (step 21)!
12:22:19: ObjectTest 2 recieved step event (step 21)!
12:22:19: ObjectTest 1 recieved step event (step 22)!
12:22:19: ObjectTest 2 recieved step event (step 22)!
12:22:19: ObjectTest 1 recieved step event (step 23)!
12:22:19: ObjectTest 2 recieved step event (step 23)!
12:22:19: ObjectTest 1 recieved step event (step 24)!
12:22:19: ObjectTest 2 recieved step event (step 24)!
12:22:19: ObjectTest 1 recieved step event (step 25)!
12:22:19: ObjectTest 2 recieved step event (step 25)!
12:22:19: ObjectTest 1 recieved step event (step 26)!
12:22:19: ObjectTest 2 recieved step event (step 26)!
12:22:19: ObjectTest 1 recieved step event (step 27)!
12:22:19: ObjectTest 2 recieved step event (step 27)!
12:22:19: ObjectTest 1 recieved step event (step 28)!
12:22:19: ObjectTest 2 recieved step event (step 28)!
12:22:19: ObjectTest 1 recieved step event (step 29)!
12:22:19: ObjectTest 2 recieved step event (step 29)!
12:22:19: ObjectTest 1 recieved step event (step 30)!
12:22:19: ObjectTest 2 recieved step event (step 30)!
12:22:19: ObjectTest 1 recieved step event (step 31)!
12:22:19: ObjectTest 2 recieved step event (step 31)!
12:22:19: ObjectTest 1 recieved step event (step 32)!
12:22:19: ObjectTest 2 recieved step event (step 32)!
12:22:19: ObjectTest 1 recieved step event (step 33)!
12:22:19: ObjectTest 2 recieved step event (step 33)!
12:22:19: ObjectTest 1 recieved step event (step 34)!
12:22:19: ObjectTest 2 recieved step event (step 34)!
12:22:19: ObjectTest 1 recieved step event (step 35)!
12:22:19: ObjectTest 2 recieved step event (step 35)!
12:22:19: ObjectTest 1 recieved step event (step 36)!
12:22:19: ObjectTest 2 recieved step event (step 36)!
12:22:19: ObjectTest 1 recieved step event (step 37)!
12:22:19: ObjectTest 2 recieved step event (step 37)!
12:22:19: ObjectTest 1 recieved step event (step 38)!
12:22:19: ObjectTest 2 recieved step event (step 38)!
12:22:19: ObjectTest 1 recieved step event (step 39)!
12:22:19: ObjectTest 2 recieved step event (step 39)!
12:22:19: ObjectTest 1 recieved step event (step 40)!
12:22:19: ObjectTest 2 recieved step event (step 40)!
12:22:19: ObjectTest 1 recieved step event (step 41)!
12:22:19: ObjectTest 2 recieved step event (step 41)!
12:22:19: Resource manager shutting down!
12:22:21: GraphicsManager started successfully
12:22:21: Resource manager starting up!
12:22:21: Collision occured at (3, 3) between 1 and 2
12:22:21: Collision occured at (3, 3) between 1 and 2
12:22:21: Object 2 left the stage.

12:22:21: Resource manager shutting down!
12:22:22: GraphicsManager started successfully
12:22:22: Resource manager starting up!
12:22:22: ObjectTest 1 recieved step event (step 0)!
12:22:22: ObjectTest 1 recieved step event (step 1)!
12:22:22: ObjectTest 1 recieved step event (step 2)!
12:22:22: ObjectTest 1 recieved step event (step 3)!
12:22:22: ObjectTest 1 recieved step event (step 4)!
12:22:22: ObjectTest 1 recieved step event (step 5)!
12:22:22: ObjectTest 1 recieved step event (step 6)!
12:22:22: ObjectTest 1 recieved step event (step 7)!
12:22:22: ObjectTest 1 recieved step event (step 8)!
12:22:22: ObjectTest 1 recieved step event (step 9)!
12:22:22: ObjectTest 1 recieved step event (step 10)!
12:22:23: ObjectTest 1 recieved step event (step 11)!
12:22:23: ObjectTest 1 recieved step event (step 12)!
12:22:23: ObjectTest 1 recieved step event (step 13)!
12:22:23: ObjectTest 1 recieved step event (step 14)!
12:22:23: ObjectTest 1 recieved step event (step 15)!
12:22:23: ObjectTest 1 recieved step event (step 16)!
12:22:23: ObjectTest 1 recieved step event (step 17)!
12:22:23: ObjectTest 1 recieved step event (step 18)!
12:22:23: ObjectTest 1 recieved step event (step 19)!
12:22:23: ObjectTest 1 recieved step event (step 20)!
12:22:23: ObjectTest 1 recieved step event (step 21)!
12:22:23: ObjectTest 1 recieved step event (step 22)!
12:22:23: ObjectTest 1 recieved step event (step 23)!
12:22:23: ObjectTest 1 recieved step event (step 24)!
12:22:23: ObjectTest 1 recieved step event (step 25)!
12:22:23: ObjectTest 1 recieved step event (step 26)!
12:22:23: ObjectTest 1 recieved step event (step 27)!
12:22:23: ObjectTest 1 recieved step event (step 28)!
12:22:23: ObjectTest 1 recieved step event (step 29)!
12:22:23: ObjectTest 1 recieved step event (step 30)!
12:22:23: ObjectTest 1 recieved step event (step 31)!
12:22:23: ObjectTest 1 recieved step event (step 32)!
12:22:23: ObjectTest 1 recieved step event (step 33)!
12:22:23: ObjectTest 1 recieved step event (step 34)!
12:22:23: ObjectTest 1 recieved step event (step 35)!
12:22:23: ObjectTest 1 recieved step event (step 36)!
12:22:23: ObjectTest 1 recieved step event (step 37)!
12:22:23: ObjectTest 1 recieved step event (step 38)!
12:22:23: ObjectTest 1 recieved step event (step 39)!
12:22:23: ObjectTest 1 recieved step event (step 40)!
12:22:24: ObjectTest 1 recieved step event (step 41)!
12:22:24: ObjectTest 1 recieved step event (step 42)!
12:22:24: ObjectTest 1 recieved step event (step 43)!
12:22:24: ObjectTest 1 recieved step event (step 44)!
12:22:24: ObjectTest 1 recieved step event (step 45)!
12:22:24: ObjectTest 1 recieved step event (step 46)!
12:22:24: ObjectTest 1 recieved step event (step 47)!
12:22:24: ObjectTest 1 recieved step event (step 48)!
12:22:24: ObjectTest 1 recieved step event (step 49)!
12:22:24: ObjectTest 1 recieved step event (step 50)!
12:22:24: ObjectTest 1 recieved step event (step 51)!
12:22:24: ObjectTest 1 recieved step event (step 52)!
12:22:24: ObjectTest 1 recieved step event (step 53)!
12:22:24: ObjectTest 1 recieved step event (step 54)!
12:22:24: ObjectTest 1 recieved step event (step 55)!
12:22:24: ObjectTest 1 recieved step event (step 56)!
12:22:24: ObjectTest 1 recieved step event (step 57)!
12:22:24: ObjectTest 1 recieved step event (step 58)!
12:22:24: ObjectTest 1 recieved step event (step 59)!
12:22:24: ObjectTest 1 recieved step event (step 60)!
12:22:24: ObjectTest 1 recieved step event (step 61)!
12:22:24: ObjectTest 1 recieved step event (step 62)!
12:22:24: ObjectTest 1 recieved step event (step 63)!
12:22:24: Resource manager shutting down!
12:22:26: GraphicsManager started successfully
12:22:26: Resource manager starting up!
12:22:30: Resource manager shutting down!
12:22:31: GraphicsManager started successfully
12:22:31: Resource manager starting up!
12:22:49: Resource manager shutting down!
12:22:50: GraphicsManager started successfully
12:22:50: Resource manager starting up!
12:22:50: Reading in unit_tests/sprites/bullet-spr.txt sprite file.
12:22:50: Reading in unit_tests/sprites/explosion-spr.txt sprite file.
12:22:50: Reading in unit_tests/sprites/gameover-spr.txt sprite file.
12:22:50: Reading in unit_tests/sprites/gamestart-spr.txt sprite file.
12:22:50: Reading in unit_tests/sprites/saucer-spr.txt sprite file.
12:22:50: Reading in unit_tests/sprites/ship-spr.txt sprite file.
12:22:50: ObjectTest 1 recieved step event (step 0)!
12:22:50: ObjectTest 1 recieved step event (step 1)!
12:22:50: ObjectTest 1 recieved step event (step 2)!
12:22:50: ObjectTest 1 recieved step event (step 3)!
12:22:50: ObjectTest 1 recieved step event (step 4)!
12:22:50: ObjectTest 1 recieved step event (step 5)!
12:22:50: ObjectTest 1 recieved step event (step 6)!
12:22:50: ObjectTest 1 recieved step event (step 7)!
12:22:50: ObjectTest 1 recieved step event (step 8)!
12:22:50: ObjectTest 1 recieved step event (step 9)!
12:22:50: ObjectTest 1 recieved step event (step 10)!
12:22:50: ObjectTest 1 recieved step event (step 11)!
12:22:50: ObjectTest 1 recieved step event (step 12)!
12:22:50: ObjectTest 1 recieved step event (step 13)!
12:22:51: ObjectTest 1 recieved step event (step 14)!
12:22:51: ObjectTest 1 recieved step event (step 15)!
12:22:51: ObjectTest 1 recieved step event (step 16)!
12:22:51: ObjectTest 1 recieved step event (step 17)!
12:22:51: ObjectTest 1 recieved step event (step 18)!
12:22:51: ObjectTest 1 recieved step event (step 19)!
12:22:51: ObjectTest 1 recieved step event (step 20)!
12:22:51: ObjectTest 1 recieved step event (step 21)!
12:22:51: ObjectTest 1 recieved step event (step 22)!
12:22:51: ObjectTest 1 recieved step event (step 23)!
12:22:51: ObjectTest 1 recieved step event (step 24)!
12:22:51: ObjectTest 1 recieved step event (step 25)!
12:22:51: ObjectTest 1 recieved step event (step 26)!
12:22:51: ObjectTest 1 recieved step event (step 27)!
12:22:51: ObjectTest 1 recieved step event (step 28)!
12:22:51: ObjectTest 1 recieved step event (step 29)!
12:22:51: ObjectTest 1 recieved step event (step 30)!
12:22:51: ObjectTest 1 recieved step event (step 31)!
12:22:51: ObjectTest 1 recieved step event (step 32)!
12:22:51: ObjectTest 1 recieved step event (step 33)!
12:22:51: ObjectTest 1 recieved step event (step 34)!
12:22:51: ObjectTest 1 recieved step event (step 35)!
12:22:51: ObjectTest 1 recieved step event (step 36)!
12:22:51: ObjectTest 1 recieved step event (step 37)!
12:22:51: ObjectTest 1 recieved step event (step 38)!
12:22:51: ObjectTest 1 recieved step event (step 39)!
12:22:51: ObjectTest 1 recieved step event (step 40)!
12:22:51: ObjectTest 1 recieved step event (step 41)!
12:22:51: Resource manager shutting down!
12:22:53: GraphicsManager started successfully
12:22:53: Resource manager starting up!
12:22:53: Loading sound unit_tests/sounds/fire.wav
12:22:53: Loading music file unit_tests/sounds/start-music.wav
12:22:54: Out! 30 -0.250000 

12:22:54: Out! 1 -0.250000 

12:22:54: Collision! 21 -0.250000 

12:22:55: Out! 5 -0.250000 

12:22:55: Out! 28 -0.250000 

12:22:55: Collision! 24 -0.250000 

12:22:55: Collision! 21 0.300000 

12:22:55: Out! 23 -0.250000 

12:22:55: Collision! 2 -0.250000 

12:22:55: Collision! 24 0.300000 

12:22:55: Out! 13 -0.250000 

12:22:56: Collision! 21 -0.360000 

12:22:56: Out! 14 -0.250000 

12:22:56: Collision! 24 -0.360000 

12:22:56: Collision! 21 0.432000 

12:22:56: Collision! 14 0.200000 

12:22:56: Collision! 6 -0.250000 

12:22:56: Collision! 21 -0.518400 

12:22:56: Out! 3 -0.250000 

12:22:56: Collision! 4 -0.250000 

12:22:56: Collision! 23 0.200000 

12:22:56: Out! 22 -0.250000 

12:22:56: Collision! 4 0.300000 

12:22:56: Collision! 15 -0.250000 

12:22:57: Collision! 13 0.200000 

12:22:57: Collision! 17 -0.250000 

12:22:57: Out! 23 -0.240000 

12:22:57: Collision! 9 -0.250000 

12:22:57: Collision! 28 0.200000 

12:22:57: Collision! 23 0.192000 

12:22:57: Collision! 4 -0.360000 

12:22:57: Collision! 21 0.622080 

12:22:57: Collision! 24 0.432000 

12:22:57: Collision! 24 -0.518400 

12:22:57: Collision! 21 -0.746496 

12:22:57: Collision! 21 0.895795 

12:22:57: Collision! 24 0.622080 

12:22:57: Collision! 24 -0.746496 

12:22:57: Collision! 21 -1.074954 

12:22:57: Collision! 21 1.289945 

12:22:57: Collision! 24 0.895795 

12:22:57: Collision! 24 -1.074954 

12:22:57: Collision! 21 -1.547934 

12:22:57: Collision! 24 1.289945 

12:22:57: Collision! 21 1.857521 

12:22:57: Collision! 24 -1.547934 

12:22:57: Collision! 21 -2.229025 

12:22:57: Collision! 24 1.857521 

12:22:57: Collision! 21 2.674830 

12:22:57: Collision! 24 -2.229025 

12:22:57: Collision! 21 -3.209796 

12:22:57: Collision! 8 -0.250000 

12:22:57: Collision! 9 0.300000 

12:22:57: Out! 18 -0.250000 

12:22:57: Collision! 24 2.674830 

12:22:57: Collision! 21 3.851756 

12:22:57: Collision! 24 -3.209796 

12:22:57: Collision! 21 -4.622107 

12:22:58: Out! 13 -0.240000 

12:22:58: Collision! 24 3.851756 

12:22:58: Collision! 21 5.546528 

12:22:58: Collision! 24 -4.622107 

12:22:58: Out! 20 -0.250000 

12:22:58: Out! 21 -6.655833 

12:22:58: Collision! 18 0.200000 

12:22:58: Collision! 7 -0.250000 

12:22:58: Out! 29 -0.250000 

12:22:58: Collision! 5 0.200000 

12:22:58: Collision! 11 -0.250000 

12:22:58: Collision! 21 5.324667 

12:22:58: Out! 10 -0.250000 

12:22:58: Out! 18 -0.240000 

12:22:58: Out! 21 -6.389600 

12:22:58: Out! 28 -0.240000 

12:22:58: Out! 24 5.546528 

12:22:59: Collision! 11 0.300000 

12:22:59: Collision! 12 -0.250000 

12:22:59: Collision! 12 0.300000 

12:22:59: Collision! 19 -0.250000 

12:22:59: Collision! 9 -0.360000 

12:22:59: Collision! 28 0.192000 

12:22:59: Collision! 21 5.111680 

12:22:59: Collision! 2 0.300000 

12:22:59: Out! 28 -0.230400 

12:22:59: Collision! 12 -0.360000 

12:22:59: Collision! 11 -0.360000 

12:22:59: Collision! 11 0.432000 

12:22:59: Collision! 12 0.432000 

12:22:59: Collision! 12 -0.518400 

12:22:59: Collision! 11 -0.518400 

12:22:59: Out! 21 -6.134016 

12:22:59: Collision! 11 0.622080 

12:22:59: Collision! 12 0.622080 

12:22:59: Collision! 25 -0.250000 

12:22:59: Collision! 17 0.300000 

12:22:59: Collision! 12 -0.746496 

12:22:59: Collision! 11 -0.746496 

12:22:59: Collision! 11 0.895795 

12:22:59: Collision! 12 0.895795 

12:22:59: Collision! 12 -1.074954 

12:22:59: Collision! 11 -1.074954 

12:22:59: Collision! 11 1.289945 

12:22:59: Collision! 12 1.289945 

12:22:59: Collision! 12 -1.547934 

12:22:59: Collision! 11 -1.547934 

12:22:59: Collision! 21 4.907213 

12:22:59: Collision! 2 -0.360000 

12:22:59: Collision! 24 -4.437222 

12:22:59: Collision! 12 1.857521 

12:22:59: Collision! 11 1.857521 

12:22:59: Collision! 11 -2.229025 

12:22:59: Collision! 12 -2.229025 

12:22:59: Collision! 12 2.674830 

12:22:59: Collision! 11 2.674830 

12:22:59: Out! 21 -5.888655 

12:23:00: Out! 12 -3.209796 

12:23:00: Out! 11 -3.209796 

12:23:00: Out! 24 5.324667 

12:23:00: Collision! 4 0.432000 

12:23:00: Collision! 15 0.300000 

12:23:00: Collision! 15 -0.360000 

12:23:00: Collision! 4 -0.518400 

12:23:00: Collision! 4 0.622080 

12:23:00: Collision! 15 0.432000 

12:23:00: Collision! 15 -0.518400 

12:23:00: Collision! 4 -0.746496 

12:23:00: Collision! 4 0.895795 

12:23:00: Collision! 15 0.622080 

12:23:00: Collision! 15 -0.746496 

12:23:00: Collision! 4 -1.074954 

12:23:00: Out! 26 -0.250000 

12:23:00: Collision! 11 2.567837 

12:23:00: Collision! 19 0.300000 

12:23:00: Collision! 13 0.192000 

12:23:00: Collision! 17 -0.360000 

12:23:01: Out! 5 -0.240000 

12:23:01: Out! 21 4.710924 

12:23:01: Out! 11 -3.081405 

12:23:01: Out! 24 -4.259734 

12:23:01: Collision! 21 -3.768739 

12:23:01: Collision! 2 0.432000 

12:23:02: Out! 16 -0.250000 

12:23:02: Out! 27 -0.250000 

12:23:02: Out! 21 4.522487 

12:23:02: Out! 12 2.567837 

12:23:02: Collision! 24 3.407787 

12:23:02: Collision! 21 -3.617990 

12:23:02: Out! 13 -0.230400 

12:23:03: Out! 21 4.341588 

12:23:03: Out! 11 2.465124 

12:23:03: Collision! 5 0.192000 

12:23:03: Collision! 19 -0.360000 

12:23:03: Out! 24 -4.089344 

12:23:03: Out! 4 1.289945 

12:23:03: Collision! 24 3.271475 

12:23:04: Out! 24 -3.925770 

12:23:04: Collision! 4 -1.031956 

12:23:04: Collision! 15 0.895795 

12:23:04: Collision! 21 -3.473270 

12:23:04: Collision! 12 -2.054270 

12:23:04: Collision! 19 0.432000 

12:23:04: Out! 4 1.238347 

12:23:04: Collision! 12 2.465124 

12:23:04: Collision! 11 -1.972099 

12:23:05: Resource manager shutting down!
12:23:06: GraphicsManager started successfully
12:23:06: Resource manager starting up!
12:23:06: ObjectTest 1 recieved step event (step 0)!
12:23:06: ObjectTest 1 recieved step event (step 1)!
12:23:06: ObjectTest 1 recieved step event (step 2)!
12:23:06: ObjectTest 1 recieved step event (step 3)!
12:23:06: ObjectTest 1 recieved step event (step 4)!
12:23:06: ObjectTest 1 recieved step event (step 5)!
12:23:06: ObjectTest 1 recieved step event (step 6)!
12:23:06: ObjectTest 1 recieved step event (step 7)!
12:23:06: ObjectTest 1 recieved step event (step 8)!
12:23:06: ObjectTest 1 recieved step event (step 9)!
12:23:07: ObjectTest 1 recieved step event (step 10)!
12:23:07: ObjectTest 1 recieved step event (step 11)!
12:23:07: ObjectTest 1 recieved step event (step 12)!
12:23:07: ObjectTest 1 recieved step event (step 13)!
12:23:07: ObjectTest 1 recieved step event (step 14)!
12:23:07: ObjectTest 1 recieved step event (step 15)!
12:23:07: ObjectTest 1 recieved step event (step 16)!
12:23:07: ObjectTest 1 recieved step event (step 17)!
12:23:07: ObjectTest 1 recieved step event (step 18)!
12:23:07: ObjectTest 1 recieved step event (step 19)!
12:23:07: ObjectTest 1 recieved step event (step 20)!
12:23:07: ObjectTest 1 recieved step event (step 21)!
12:23:07: ObjectTest 1 recieved step event (step 22)!
12:23:07: ObjectTest 1 recieved step event (step 23)!
12:23:07: ObjectTest 1 recieved step event (step 24)!
12:23:07: ObjectTest 1 recieved step event (step 25)!
12:23:07: ObjectTest 1 recieved step event (step 26)!
12:23:07: ObjectTest 1 recieved step event (step 27)!
12:23:07: ObjectTest 1 recieved step event (step 28)!
12:23:07: ObjectTest 1 recieved step event (step 29)!
12:23:07: ObjectTest 1 recieved step event (step 30)!
12:23:07: ObjectTest 1 recieved step event (step 31)!
12:23:07: ObjectTest 1 recieved step event (step 32)!
12:23:07: ObjectTest 1 recieved step event (step 33)!
12:23:07: ObjectTest 1 recieved step event (step 34)!
12:23:07: ObjectTest 1 recieved step event (step 35)!
12:23:07: ObjectTest 1 recieved step event (step 36)!
12:23:07: ObjectTest 1 recieved step event (step 37)!
12:23:07: ObjectTest 1 recieved step event (step 38)!
12:23:07: ObjectTest 1 recieved step event (step 39)!
12:23:07: ObjectTest 1 recieved step event (step 40)!
12:23:08: ObjectTest 1 recieved step event (step 41)!
12:23:08: Resource manager shutting down!
